#
# There is insufficient memory for the Java Runtime Environment to continue.
# Native memory allocation (malloc) failed to allocate 32744 bytes for ChunkPool::allocate
# Possible reasons:
#   The system is out of physical RAM or swap space
#   The process is running with CompressedOops enabled, and the Java Heap may be blocking the growth of the native heap
# Possible solutions:
#   Reduce memory load on the system
#   Increase physical memory or swap space
#   Check if swap backing store is full
#   Decrease Java heap size (-Xmx/-Xms)
#   Decrease number of Java threads
#   Decrease Java thread stack sizes (-Xss)
#   Set larger code cache with -XX:ReservedCodeCacheSize=
#   JVM is running with Unscaled Compressed Oops mode in which the Java heap is
#     placed in the first 4GB address space. The Java Heap base address is the
#     maximum limit for the native heap growth. Please use -XX:HeapBaseMinAddress
#     to set the Java Heap base and to place the Java Heap above 4GB virtual address.
# This output file may be truncated or incomplete.
#
#  Out of Memory Error (t:/workspace/open/src/hotspot/share/memory/arena.cpp:81), pid=21652, tid=11128
#
# JRE version: Java(TM) SE Runtime Environment (12.0.1+12) (build 12.0.1+12)
# Java VM: Java HotSpot(TM) 64-Bit Server VM (12.0.1+12, mixed mode, sharing, tiered, compressed oops, g1 gc, windows-amd64)
# No core dump will be written. Minidumps are not enabled by default on client versions of Windows
#

---------------  S U M M A R Y ------------

Command Line: -XX:TieredStopAtLevel=1 -Xverify:none -Dspring.output.ansi.enabled=always -Dcom.sun.management.jmxremote -Dspring.jmx.enabled=true -Dspring.liveBeansView.mbeanDomain -Dspring.application.admin.enabled=true -javaagent:E:\Program Files\JetBrains\IntelliJ IDEA 2019.2.3\lib\idea_rt.jar=62447:E:\Program Files\JetBrains\IntelliJ IDEA 2019.2.3\bin -Dfile.encoding=UTF-8 com.teamdevelop.firstprototype.FirstprototypeApplication

Host: Intel(R) Core(TM) i5-7300HQ CPU @ 2.50GHz, 4 cores, 7G,  Windows 10 , 64 bit Build 18362 (10.0.18362.329)
Time: Wed Nov  6 21:05:27 2019 ?D1¨²¡À¨º¡Á?¨º¡À?? elapsed time: 0 seconds (0d 0h 0m 0s)

---------------  T H R E A D  ---------------

Current thread (0x000001def5365800):  JavaThread "C1 CompilerThread0" daemon [_thread_in_native, id=11128, stack(0x0000001601900000,0x0000001601a00000)]


Current CompileTask:
C1:    133   47       1       java.util.concurrent.ConcurrentHashMap::addCount (279 bytes)

Stack: [0x0000001601900000,0x0000001601a00000]
Native frames: (J=compiled Java code, j=interpreted, Vv=VM code, C=native code)
V  [jvm.dll+0x63948a]
V  [jvm.dll+0x78b31f]
V  [jvm.dll+0x78c9c1]
V  [jvm.dll+0x78d013]
V  [jvm.dll+0x262138]
V  [jvm.dll+0xc5a56]
V  [jvm.dll+0xc5dac]
V  [jvm.dll+0x18a50f]
V  [jvm.dll+0x18bfb0]
V  [jvm.dll+0x130e20]
V  [jvm.dll+0x131012]
V  [jvm.dll+0x13133f]
V  [jvm.dll+0x1304a7]
V  [jvm.dll+0x132557]
V  [jvm.dll+0x22a534]
V  [jvm.dll+0x228b88]
V  [jvm.dll+0x74f660]
V  [jvm.dll+0x748648]
V  [jvm.dll+0x638566]
C  [ucrtbase.dll+0x20e72]
C  [KERNEL32.DLL+0x17bd4]
C  [ntdll.dll+0x6ced1]


---------------  P R O C E S S  ---------------

Threads class SMR info:
_java_thread_list=0x000001def535e600, length=7, elements={
0x000001ded51ca800, 0x000001def533d800, 0x000001def533f800, 0x000001def5362000,
0x000001def5364000, 0x000001def5365800, 0x000001def5368800
}

Java Threads: ( => current thread )
  0x000001ded51ca800 JavaThread "main" [_thread_blocked, id=22088, stack(0x0000001600e00000,0x0000001600f00000)]
  0x000001def533d800 JavaThread "Reference Handler" daemon [_thread_blocked, id=25152, stack(0x0000001601500000,0x0000001601600000)]
  0x000001def533f800 JavaThread "Finalizer" daemon [_thread_blocked, id=25560, stack(0x0000001601600000,0x0000001601700000)]
  0x000001def5362000 JavaThread "Signal Dispatcher" daemon [_thread_blocked, id=788, stack(0x0000001601700000,0x0000001601800000)]
  0x000001def5364000 JavaThread "Attach Listener" daemon [_thread_blocked, id=7824, stack(0x0000001601800000,0x0000001601900000)]
=>0x000001def5365800 JavaThread "C1 CompilerThread0" daemon [_thread_in_native, id=11128, stack(0x0000001601900000,0x0000001601a00000)]
  0x000001def5368800 JavaThread "Sweeper thread" daemon [_thread_blocked, id=15812, stack(0x0000001601a00000,0x0000001601b00000)]

Other Threads:
  0x000001def533a000 VMThread "VM Thread" [stack: 0x0000001601400000,0x0000001601500000] [id=5952]
  0x000001ded520a000 GCTaskThread "GC Thread#0" [stack: 0x0000001600f00000,0x0000001601000000] [id=20460]
  0x000001ded5217800 ConcurrentGCThread "G1 Main Marker" [stack: 0x0000001601000000,0x0000001601100000] [id=23084]
  0x000001ded521a800 ConcurrentGCThread "G1 Conc#0" [stack: 0x0000001601100000,0x0000001601200000] [id=17840]
  0x000001def51b0800 ConcurrentGCThread "G1 Refine#0" [stack: 0x0000001601200000,0x0000001601300000] [id=26064]
  0x000001def51b1000 ConcurrentGCThread "G1 Young RemSet Sampling" [stack: 0x0000001601300000,0x0000001601400000] [id=22432]

Threads with active compile tasks:
C1 CompilerThread0    47       1       java.util.concurrent.ConcurrentHashMap::addCount (279 bytes)

VM state:at safepoint (normal execution)

VM Mutex/Monitor currently owned by a thread:  ([mutex/lock_event])
[0x000001ded51c6570] Safepoint_lock - owner thread: 0x000001def533a000
[0x000001ded51c6a80] Threads_lock - owner thread: 0x000001def533a000
[0x000001ded51c7e30] Heap_lock - owner thread: 0x000001ded51ca800

Heap address: 0x0000000084800000, size: 1976 MB, Compressed Oops mode: 32-bit
Narrow klass base: 0x0000000800000000, Narrow klass shift: 3
Compressed class space size: 1073741824 Address: 0x00000008011a0000

Heap:
 garbage-first heap   total 126976K, used 0K [0x0000000084800000, 0x0000000100000000)
  region size 1024K, 1 young (1024K), 0 survivors (0K)
 Metaspace       used 185K, capacity 4480K, committed 4480K, reserved 1062912K
  class space    used 20K, capacity 384K, committed 384K, reserved 1048576K
Heap Regions: E=young(eden), S=young(survivor), O=old, HS=humongous(starts), HC=humongous(continues), CS=collection set, F=free, A=archive, TAMS=top-at-mark-start (previous, next)
|   0|0x0000000084800000, 0x0000000084800000, 0x0000000084900000|  0%| F|  |TAMS 0x0000000084800000, 0x0000000084800000| Untracked 
|   1|0x0000000084900000, 0x0000000084900000, 0x0000000084a00000|  0%| F|  |TAMS 0x0000000084900000, 0x0000000084900000| Untracked 
|   2|0x0000000084a00000, 0x0000000084a00000, 0x0000000084b00000|  0%| F|  |TAMS 0x0000000084a00000, 0x0000000084a00000| Untracked 
|   3|0x0000000084b00000, 0x0000000084b00000, 0x0000000084c00000|  0%| F|  |TAMS 0x0000000084b00000, 0x0000000084b00000| Untracked 
|   4|0x0000000084c00000, 0x0000000084c00000, 0x0000000084d00000|  0%| F|  |TAMS 0x0000000084c00000, 0x0000000084c00000| Untracked 
|   5|0x0000000084d00000, 0x0000000084d00000, 0x0000000084e00000|  0%| F|  |TAMS 0x0000000084d00000, 0x0000000084d00000| Untracked 
|   6|0x0000000084e00000, 0x0000000084e00000, 0x0000000084f00000|  0%| F|  |TAMS 0x0000000084e00000, 0x0000000084e00000| Untracked 
|   7|0x0000000084f00000, 0x0000000084f00000, 0x0000000085000000|  0%| F|  |TAMS 0x0000000084f00000, 0x0000000084f00000| Untracked 
|   8|0x0000000085000000, 0x0000000085000000, 0x0000000085100000|  0%| F|  |TAMS 0x0000000085000000, 0x0000000085000000| Untracked 
|   9|0x0000000085100000, 0x0000000085100000, 0x0000000085200000|  0%| F|  |TAMS 0x0000000085100000, 0x0000000085100000| Untracked 
|  10|0x0000000085200000, 0x0000000085200000, 0x0000000085300000|  0%| F|  |TAMS 0x0000000085200000, 0x0000000085200000| Untracked 
|  11|0x0000000085300000, 0x0000000085300000, 0x0000000085400000|  0%| F|  |TAMS 0x0000000085300000, 0x0000000085300000| Untracked 
|  12|0x0000000085400000, 0x0000000085400000, 0x0000000085500000|  0%| F|  |TAMS 0x0000000085400000, 0x0000000085400000| Untracked 
|  13|0x0000000085500000, 0x0000000085500000, 0x0000000085600000|  0%| F|  |TAMS 0x0000000085500000, 0x0000000085500000| Untracked 
|  14|0x0000000085600000, 0x0000000085600000, 0x0000000085700000|  0%| F|  |TAMS 0x0000000085600000, 0x0000000085600000| Untracked 
|  15|0x0000000085700000, 0x0000000085700000, 0x0000000085800000|  0%| F|  |TAMS 0x0000000085700000, 0x0000000085700000| Untracked 
|  16|0x0000000085800000, 0x0000000085800000, 0x0000000085900000|  0%| F|  |TAMS 0x0000000085800000, 0x0000000085800000| Untracked 
|  17|0x0000000085900000, 0x0000000085900000, 0x0000000085a00000|  0%| F|  |TAMS 0x0000000085900000, 0x0000000085900000| Untracked 
|  18|0x0000000085a00000, 0x0000000085a00000, 0x0000000085b00000|  0%| F|  |TAMS 0x0000000085a00000, 0x0000000085a00000| Untracked 
|  19|0x0000000085b00000, 0x0000000085b00000, 0x0000000085c00000|  0%| F|  |TAMS 0x0000000085b00000, 0x0000000085b00000| Untracked 
|  20|0x0000000085c00000, 0x0000000085c00000, 0x0000000085d00000|  0%| F|  |TAMS 0x0000000085c00000, 0x0000000085c00000| Untracked 
|  21|0x0000000085d00000, 0x0000000085d00000, 0x0000000085e00000|  0%| F|  |TAMS 0x0000000085d00000, 0x0000000085d00000| Untracked 
|  22|0x0000000085e00000, 0x0000000085e00000, 0x0000000085f00000|  0%| F|  |TAMS 0x0000000085e00000, 0x0000000085e00000| Untracked 
|  23|0x0000000085f00000, 0x0000000085f00000, 0x0000000086000000|  0%| F|  |TAMS 0x0000000085f00000, 0x0000000085f00000| Untracked 
|  24|0x0000000086000000, 0x0000000086000000, 0x0000000086100000|  0%| F|  |TAMS 0x0000000086000000, 0x0000000086000000| Untracked 
|  25|0x0000000086100000, 0x0000000086100000, 0x0000000086200000|  0%| F|  |TAMS 0x0000000086100000, 0x0000000086100000| Untracked 
|  26|0x0000000086200000, 0x0000000086200000, 0x0000000086300000|  0%| F|  |TAMS 0x0000000086200000, 0x0000000086200000| Untracked 
|  27|0x0000000086300000, 0x0000000086300000, 0x0000000086400000|  0%| F|  |TAMS 0x0000000086300000, 0x0000000086300000| Untracked 
|  28|0x0000000086400000, 0x0000000086400000, 0x0000000086500000|  0%| F|  |TAMS 0x0000000086400000, 0x0000000086400000| Untracked 
|  29|0x0000000086500000, 0x0000000086500000, 0x0000000086600000|  0%| F|  |TAMS 0x0000000086500000, 0x0000000086500000| Untracked 
|  30|0x0000000086600000, 0x0000000086600000, 0x0000000086700000|  0%| F|  |TAMS 0x0000000086600000, 0x0000000086600000| Untracked 
|  31|0x0000000086700000, 0x0000000086700000, 0x0000000086800000|  0%| F|  |TAMS 0x0000000086700000, 0x0000000086700000| Untracked 
|  32|0x0000000086800000, 0x0000000086800000, 0x0000000086900000|  0%| F|  |TAMS 0x0000000086800000, 0x0000000086800000| Untracked 
|  33|0x0000000086900000, 0x0000000086900000, 0x0000000086a00000|  0%| F|  |TAMS 0x0000000086900000, 0x0000000086900000| Untracked 
|  34|0x0000000086a00000, 0x0000000086a00000, 0x0000000086b00000|  0%| F|  |TAMS 0x0000000086a00000, 0x0000000086a00000| Untracked 
|  35|0x0000000086b00000, 0x0000000086b00000, 0x0000000086c00000|  0%| F|  |TAMS 0x0000000086b00000, 0x0000000086b00000| Untracked 
|  36|0x0000000086c00000, 0x0000000086c00000, 0x0000000086d00000|  0%| F|  |TAMS 0x0000000086c00000, 0x0000000086c00000| Untracked 
|  37|0x0000000086d00000, 0x0000000086d00000, 0x0000000086e00000|  0%| F|  |TAMS 0x0000000086d00000, 0x0000000086d00000| Untracked 
|  38|0x0000000086e00000, 0x0000000086e00000, 0x0000000086f00000|  0%| F|  |TAMS 0x0000000086e00000, 0x0000000086e00000| Untracked 
|  39|0x0000000086f00000, 0x0000000086f00000, 0x0000000087000000|  0%| F|  |TAMS 0x0000000086f00000, 0x0000000086f00000| Untracked 
|  40|0x0000000087000000, 0x0000000087000000, 0x0000000087100000|  0%| F|  |TAMS 0x0000000087000000, 0x0000000087000000| Untracked 
|  41|0x0000000087100000, 0x0000000087100000, 0x0000000087200000|  0%| F|  |TAMS 0x0000000087100000, 0x0000000087100000| Untracked 
|  42|0x0000000087200000, 0x0000000087200000, 0x0000000087300000|  0%| F|  |TAMS 0x0000000087200000, 0x0000000087200000| Untracked 
|  43|0x0000000087300000, 0x0000000087300000, 0x0000000087400000|  0%| F|  |TAMS 0x0000000087300000, 0x0000000087300000| Untracked 
|  44|0x0000000087400000, 0x0000000087400000, 0x0000000087500000|  0%| F|  |TAMS 0x0000000087400000, 0x0000000087400000| Untracked 
|  45|0x0000000087500000, 0x0000000087500000, 0x0000000087600000|  0%| F|  |TAMS 0x0000000087500000, 0x0000000087500000| Untracked 
|  46|0x0000000087600000, 0x0000000087600000, 0x0000000087700000|  0%| F|  |TAMS 0x0000000087600000, 0x0000000087600000| Untracked 
|  47|0x0000000087700000, 0x0000000087700000, 0x0000000087800000|  0%| F|  |TAMS 0x0000000087700000, 0x0000000087700000| Untracked 
|  48|0x0000000087800000, 0x0000000087800000, 0x0000000087900000|  0%| F|  |TAMS 0x0000000087800000, 0x0000000087800000| Untracked 
|  49|0x0000000087900000, 0x0000000087900000, 0x0000000087a00000|  0%| F|  |TAMS 0x0000000087900000, 0x0000000087900000| Untracked 
|  50|0x0000000087a00000, 0x0000000087a00000, 0x0000000087b00000|  0%| F|  |TAMS 0x0000000087a00000, 0x0000000087a00000| Untracked 
|  51|0x0000000087b00000, 0x0000000087b00000, 0x0000000087c00000|  0%| F|  |TAMS 0x0000000087b00000, 0x0000000087b00000| Untracked 
|  52|0x0000000087c00000, 0x0000000087c00000, 0x0000000087d00000|  0%| F|  |TAMS 0x0000000087c00000, 0x0000000087c00000| Untracked 
|  53|0x0000000087d00000, 0x0000000087d00000, 0x0000000087e00000|  0%| F|  |TAMS 0x0000000087d00000, 0x0000000087d00000| Untracked 
|  54|0x0000000087e00000, 0x0000000087e00000, 0x0000000087f00000|  0%| F|  |TAMS 0x0000000087e00000, 0x0000000087e00000| Untracked 
|  55|0x0000000087f00000, 0x0000000087f00000, 0x0000000088000000|  0%| F|  |TAMS 0x0000000087f00000, 0x0000000087f00000| Untracked 
|  56|0x0000000088000000, 0x0000000088000000, 0x0000000088100000|  0%| F|  |TAMS 0x0000000088000000, 0x0000000088000000| Untracked 
|  57|0x0000000088100000, 0x0000000088100000, 0x0000000088200000|  0%| F|  |TAMS 0x0000000088100000, 0x0000000088100000| Untracked 
|  58|0x0000000088200000, 0x0000000088200000, 0x0000000088300000|  0%| F|  |TAMS 0x0000000088200000, 0x0000000088200000| Untracked 
|  59|0x0000000088300000, 0x0000000088300000, 0x0000000088400000|  0%| F|  |TAMS 0x0000000088300000, 0x0000000088300000| Untracked 
|  60|0x0000000088400000, 0x0000000088400000, 0x0000000088500000|  0%| F|  |TAMS 0x0000000088400000, 0x0000000088400000| Untracked 
|  61|0x0000000088500000, 0x0000000088500000, 0x0000000088600000|  0%| F|  |TAMS 0x0000000088500000, 0x0000000088500000| Untracked 
|  62|0x0000000088600000, 0x0000000088600000, 0x0000000088700000|  0%| F|  |TAMS 0x0000000088600000, 0x0000000088600000| Untracked 
|  63|0x0000000088700000, 0x0000000088700000, 0x0000000088800000|  0%| F|  |TAMS 0x0000000088700000, 0x0000000088700000| Untracked 
|  64|0x0000000088800000, 0x0000000088800000, 0x0000000088900000|  0%| F|  |TAMS 0x0000000088800000, 0x0000000088800000| Untracked 
|  65|0x0000000088900000, 0x0000000088900000, 0x0000000088a00000|  0%| F|  |TAMS 0x0000000088900000, 0x0000000088900000| Untracked 
|  66|0x0000000088a00000, 0x0000000088a00000, 0x0000000088b00000|  0%| F|  |TAMS 0x0000000088a00000, 0x0000000088a00000| Untracked 
|  67|0x0000000088b00000, 0x0000000088b00000, 0x0000000088c00000|  0%| F|  |TAMS 0x0000000088b00000, 0x0000000088b00000| Untracked 
|  68|0x0000000088c00000, 0x0000000088c00000, 0x0000000088d00000|  0%| F|  |TAMS 0x0000000088c00000, 0x0000000088c00000| Untracked 
|  69|0x0000000088d00000, 0x0000000088d00000, 0x0000000088e00000|  0%| F|  |TAMS 0x0000000088d00000, 0x0000000088d00000| Untracked 
|  70|0x0000000088e00000, 0x0000000088e00000, 0x0000000088f00000|  0%| F|  |TAMS 0x0000000088e00000, 0x0000000088e00000| Untracked 
|  71|0x0000000088f00000, 0x0000000088f00000, 0x0000000089000000|  0%| F|  |TAMS 0x0000000088f00000, 0x0000000088f00000| Untracked 
|  72|0x0000000089000000, 0x0000000089000000, 0x0000000089100000|  0%| F|  |TAMS 0x0000000089000000, 0x0000000089000000| Untracked 
|  73|0x0000000089100000, 0x0000000089100000, 0x0000000089200000|  0%| F|  |TAMS 0x0000000089100000, 0x0000000089100000| Untracked 
|  74|0x0000000089200000, 0x0000000089200000, 0x0000000089300000|  0%| F|  |TAMS 0x0000000089200000, 0x0000000089200000| Untracked 
|  75|0x0000000089300000, 0x0000000089300000, 0x0000000089400000|  0%| F|  |TAMS 0x0000000089300000, 0x0000000089300000| Untracked 
|  76|0x0000000089400000, 0x0000000089400000, 0x0000000089500000|  0%| F|  |TAMS 0x0000000089400000, 0x0000000089400000| Untracked 
|  77|0x0000000089500000, 0x0000000089500000, 0x0000000089600000|  0%| F|  |TAMS 0x0000000089500000, 0x0000000089500000| Untracked 
|  78|0x0000000089600000, 0x0000000089600000, 0x0000000089700000|  0%| F|  |TAMS 0x0000000089600000, 0x0000000089600000| Untracked 
|  79|0x0000000089700000, 0x0000000089700000, 0x0000000089800000|  0%| F|  |TAMS 0x0000000089700000, 0x0000000089700000| Untracked 
|  80|0x0000000089800000, 0x0000000089800000, 0x0000000089900000|  0%| F|  |TAMS 0x0000000089800000, 0x0000000089800000| Untracked 
|  81|0x0000000089900000, 0x0000000089900000, 0x0000000089a00000|  0%| F|  |TAMS 0x0000000089900000, 0x0000000089900000| Untracked 
|  82|0x0000000089a00000, 0x0000000089a00000, 0x0000000089b00000|  0%| F|  |TAMS 0x0000000089a00000, 0x0000000089a00000| Untracked 
|  83|0x0000000089b00000, 0x0000000089b00000, 0x0000000089c00000|  0%| F|  |TAMS 0x0000000089b00000, 0x0000000089b00000| Untracked 
|  84|0x0000000089c00000, 0x0000000089c00000, 0x0000000089d00000|  0%| F|  |TAMS 0x0000000089c00000, 0x0000000089c00000| Untracked 
|  85|0x0000000089d00000, 0x0000000089d00000, 0x0000000089e00000|  0%| F|  |TAMS 0x0000000089d00000, 0x0000000089d00000| Untracked 
|  86|0x0000000089e00000, 0x0000000089e00000, 0x0000000089f00000|  0%| F|  |TAMS 0x0000000089e00000, 0x0000000089e00000| Untracked 
|  87|0x0000000089f00000, 0x0000000089f00000, 0x000000008a000000|  0%| F|  |TAMS 0x0000000089f00000, 0x0000000089f00000| Untracked 
|  88|0x000000008a000000, 0x000000008a000000, 0x000000008a100000|  0%| F|  |TAMS 0x000000008a000000, 0x000000008a000000| Untracked 
|  89|0x000000008a100000, 0x000000008a100000, 0x000000008a200000|  0%| F|  |TAMS 0x000000008a100000, 0x000000008a100000| Untracked 
|  90|0x000000008a200000, 0x000000008a200000, 0x000000008a300000|  0%| F|  |TAMS 0x000000008a200000, 0x000000008a200000| Untracked 
|  91|0x000000008a300000, 0x000000008a300000, 0x000000008a400000|  0%| F|  |TAMS 0x000000008a300000, 0x000000008a300000| Untracked 
|  92|0x000000008a400000, 0x000000008a400000, 0x000000008a500000|  0%| F|  |TAMS 0x000000008a400000, 0x000000008a400000| Untracked 
|  93|0x000000008a500000, 0x000000008a500000, 0x000000008a600000|  0%| F|  |TAMS 0x000000008a500000, 0x000000008a500000| Untracked 
|  94|0x000000008a600000, 0x000000008a600000, 0x000000008a700000|  0%| F|  |TAMS 0x000000008a600000, 0x000000008a600000| Untracked 
|  95|0x000000008a700000, 0x000000008a700000, 0x000000008a800000|  0%| F|  |TAMS 0x000000008a700000, 0x000000008a700000| Untracked 
|  96|0x000000008a800000, 0x000000008a800000, 0x000000008a900000|  0%| F|  |TAMS 0x000000008a800000, 0x000000008a800000| Untracked 
|  97|0x000000008a900000, 0x000000008a900000, 0x000000008aa00000|  0%| F|  |TAMS 0x000000008a900000, 0x000000008a900000| Untracked 
|  98|0x000000008aa00000, 0x000000008aa00000, 0x000000008ab00000|  0%| F|  |TAMS 0x000000008aa00000, 0x000000008aa00000| Untracked 
|  99|0x000000008ab00000, 0x000000008ab00000, 0x000000008ac00000|  0%| F|  |TAMS 0x000000008ab00000, 0x000000008ab00000| Untracked 
| 100|0x000000008ac00000, 0x000000008ac00000, 0x000000008ad00000|  0%| F|  |TAMS 0x000000008ac00000, 0x000000008ac00000| Untracked 
| 101|0x000000008ad00000, 0x000000008ad00000, 0x000000008ae00000|  0%| F|  |TAMS 0x000000008ad00000, 0x000000008ad00000| Untracked 
| 102|0x000000008ae00000, 0x000000008ae00000, 0x000000008af00000|  0%| F|  |TAMS 0x000000008ae00000, 0x000000008ae00000| Untracked 
| 103|0x000000008af00000, 0x000000008af00000, 0x000000008b000000|  0%| F|  |TAMS 0x000000008af00000, 0x000000008af00000| Untracked 
| 104|0x000000008b000000, 0x000000008b000000, 0x000000008b100000|  0%| F|  |TAMS 0x000000008b000000, 0x000000008b000000| Untracked 
| 105|0x000000008b100000, 0x000000008b100000, 0x000000008b200000|  0%| F|  |TAMS 0x000000008b100000, 0x000000008b100000| Untracked 
| 106|0x000000008b200000, 0x000000008b200000, 0x000000008b300000|  0%| F|  |TAMS 0x000000008b200000, 0x000000008b200000| Untracked 
| 107|0x000000008b300000, 0x000000008b300000, 0x000000008b400000|  0%| F|  |TAMS 0x000000008b300000, 0x000000008b300000| Untracked 
| 108|0x000000008b400000, 0x000000008b400000, 0x000000008b500000|  0%| F|  |TAMS 0x000000008b400000, 0x000000008b400000| Untracked 
| 109|0x000000008b500000, 0x000000008b500000, 0x000000008b600000|  0%| F|  |TAMS 0x000000008b500000, 0x000000008b500000| Untracked 
| 110|0x000000008b600000, 0x000000008b600000, 0x000000008b700000|  0%| F|  |TAMS 0x000000008b600000, 0x000000008b600000| Untracked 
| 111|0x000000008b700000, 0x000000008b700000, 0x000000008b800000|  0%| F|  |TAMS 0x000000008b700000, 0x000000008b700000| Untracked 
| 112|0x000000008b800000, 0x000000008b800000, 0x000000008b900000|  0%| F|  |TAMS 0x000000008b800000, 0x000000008b800000| Untracked 
| 113|0x000000008b900000, 0x000000008b900000, 0x000000008ba00000|  0%| F|  |TAMS 0x000000008b900000, 0x000000008b900000| Untracked 
| 114|0x000000008ba00000, 0x000000008ba00000, 0x000000008bb00000|  0%| F|  |TAMS 0x000000008ba00000, 0x000000008ba00000| Untracked 
| 115|0x000000008bb00000, 0x000000008bb00000, 0x000000008bc00000|  0%| F|  |TAMS 0x000000008bb00000, 0x000000008bb00000| Untracked 
| 116|0x000000008bc00000, 0x000000008bc00000, 0x000000008bd00000|  0%| F|  |TAMS 0x000000008bc00000, 0x000000008bc00000| Untracked 
| 117|0x000000008bd00000, 0x000000008bd00000, 0x000000008be00000|  0%| F|  |TAMS 0x000000008bd00000, 0x000000008bd00000| Untracked 
| 118|0x000000008be00000, 0x000000008be00000, 0x000000008bf00000|  0%| F|  |TAMS 0x000000008be00000, 0x000000008be00000| Untracked 
| 119|0x000000008bf00000, 0x000000008bf00000, 0x000000008c000000|  0%| F|  |TAMS 0x000000008bf00000, 0x000000008bf00000| Untracked 
| 120|0x000000008c000000, 0x000000008c000000, 0x000000008c100000|  0%| F|  |TAMS 0x000000008c000000, 0x000000008c000000| Untracked 
| 121|0x000000008c100000, 0x000000008c100000, 0x000000008c200000|  0%| F|  |TAMS 0x000000008c100000, 0x000000008c100000| Untracked 
| 122|0x000000008c200000, 0x000000008c200000, 0x000000008c300000|  0%| F|  |TAMS 0x000000008c200000, 0x000000008c200000| Untracked 
| 123|0x000000008c300000, 0x000000008c400000, 0x000000008c400000|100%| E|  |TAMS 0x000000008c300000, 0x000000008c300000| Complete 

Card table byte_map: [0x000001deee7e0000,0x000001deeebc0000] _byte_map_base: 0x000001deee3bc000

Marking Bits (Prev, Next): (CMBitMap*) 0x000001ded520af78, (CMBitMap*) 0x000001ded520afb8
 Prev Bits: [0x000001deeefa0000, 0x000001def0e80000)
 Next Bits: [0x000001def0e80000, 0x000001def2d60000)

Polling page: 0x000001ded4fd0000

Metaspace:

Usage:
  Non-class:      4.00 MB capacity,   165.39 KB (  4%) used,     3.84 MB ( 96%) free+waste,    64 bytes ( <1%) overhead. 
      Class:    384.00 KB capacity,    20.30 KB (  5%) used,   363.64 KB ( 95%) free+waste,    64 bytes ( <1%) overhead. 
       Both:      4.38 MB capacity,   185.69 KB (  4%) used,     4.19 MB ( 96%) free+waste,   128 bytes ( <1%) overhead. 

Virtual space:
  Non-class space:       14.00 MB reserved,       4.00 MB ( 29%) committed 
      Class space:        1.00 GB reserved,     384.00 KB ( <1%) committed 
             Both:        1.01 GB reserved,       4.38 MB ( <1%) committed 

Chunk freelists:
   Non-Class:  0 bytes
       Class:  0 bytes
        Both:  0 bytes

CodeHeap 'non-profiled nmethods': size=238912Kb used=49Kb max_used=49Kb free=238863Kb
 bounds [0x000001dedf490000, 0x000001dedf700000, 0x000001deedde0000]
CodeHeap 'non-nmethods': size=6848Kb used=1032Kb max_used=1032Kb free=5816Kb
 bounds [0x000001dedede0000, 0x000001dedf050000, 0x000001dedf490000]
 total_blobs=349 nmethods=49 adapters=211
 compilation: enabled
              stopped_count=0, restarted_count=0
 full_count=0

Compilation events (10 events):
Event: 0.123 Thread 0x000001def5365800 nmethod 42 0x000001dedf499f10 code [0x000001dedf49a0e0, 0x000001dedf49a320]
Event: 0.124 Thread 0x000001def5365800   38       1       java.util.concurrent.ConcurrentHashMap::tabAt (22 bytes)
Event: 0.124 Thread 0x000001def5365800 nmethod 38 0x000001dedf49a490 code [0x000001dedf49a640, 0x000001dedf49a7b8]
Event: 0.124 Thread 0x000001def5365800   39       1       jdk.internal.misc.Unsafe::getReferenceAcquire (7 bytes)
Event: 0.124 Thread 0x000001def5365800 nmethod 39 0x000001dedf49a890 code [0x000001dedf49aa40, 0x000001dedf49abd8]
Event: 0.124 Thread 0x000001def5365800   41       1       java.util.concurrent.ConcurrentHashMap::spread (10 bytes)
Event: 0.124 Thread 0x000001def5365800 nmethod 41 0x000001dedf49ac90 code [0x000001dedf49ae40, 0x000001dedf49af38]
Event: 0.127 Thread 0x000001def5365800   44       1       java.lang.Enum::ordinal (5 bytes)
Event: 0.127 Thread 0x000001def5365800 nmethod 44 0x000001dedf49b190 code [0x000001dedf49b340, 0x000001dedf49b478]
Event: 0.129 Thread 0x000001def5365800   47       1       java.util.concurrent.ConcurrentHashMap::addCount (279 bytes)

GC Heap History (0 events):
No events

Deoptimization events (0 events):
No events

Classes redefined (0 events):
No events

Internal exceptions (0 events):
No events

Events (10 events):
Event: 0.124 loading class java/util/Spliterators$IteratorSpliterator
Event: 0.124 loading class java/util/Spliterators$IteratorSpliterator done
Event: 0.127 loading class java/lang/Module$ReflectionData
Event: 0.128 loading class java/lang/Module$ReflectionData done
Event: 0.128 loading class java/lang/WeakPairMap
Event: 0.128 loading class java/lang/WeakPairMap done
Event: 0.128 loading class java/lang/WeakPairMap$Pair
Event: 0.128 loading class java/lang/WeakPairMap$Pair done
Event: 0.128 loading class java/lang/WeakPairMap$Pair$Lookup
Event: 0.128 loading class java/lang/WeakPairMap$Pair$Lookup done


Dynamic libraries:
0x00007ff787630000 - 0x00007ff78763f000 	E:\Java\jdk-12.0.1\bin\java.exe
0x00007ff8bebc0000 - 0x00007ff8bedb0000 	C:\WINDOWS\SYSTEM32\ntdll.dll
0x00007ff8bd0b0000 - 0x00007ff8bd162000 	C:\WINDOWS\System32\KERNEL32.DLL
0x00007ff8bbd10000 - 0x00007ff8bbfb3000 	C:\WINDOWS\System32\KERNELBASE.dll
0x00007ff8bbfc0000 - 0x00007ff8bc0ba000 	C:\WINDOWS\System32\ucrtbase.dll
0x00007ff8a6500000 - 0x00007ff8a6516000 	E:\Java\jdk-12.0.1\bin\VCRUNTIME140.dll
0x00007ff895150000 - 0x00007ff895168000 	E:\Java\jdk-12.0.1\bin\jli.dll
0x00007ff8bd380000 - 0x00007ff8bd423000 	C:\WINDOWS\System32\ADVAPI32.dll
0x00007ff8be9c0000 - 0x00007ff8bea5e000 	C:\WINDOWS\System32\msvcrt.dll
0x00007ff8bd170000 - 0x00007ff8bd207000 	C:\WINDOWS\System32\sechost.dll
0x00007ff8bcea0000 - 0x00007ff8bcfc0000 	C:\WINDOWS\System32\RPCRT4.dll
0x00007ff8be820000 - 0x00007ff8be9b4000 	C:\WINDOWS\System32\USER32.dll
0x00007ff8bcc40000 - 0x00007ff8bcc61000 	C:\WINDOWS\System32\win32u.dll
0x00007ff8bd350000 - 0x00007ff8bd376000 	C:\WINDOWS\System32\GDI32.dll
0x00007ff8bc960000 - 0x00007ff8bcaf4000 	C:\WINDOWS\System32\gdi32full.dll
0x00007ff8bc8c0000 - 0x00007ff8bc95e000 	C:\WINDOWS\System32\msvcp_win.dll
0x00007ff8ada10000 - 0x00007ff8adc95000 	C:\WINDOWS\WinSxS\amd64_microsoft.windows.common-controls_6595b64144ccf1df_6.0.18362.449_none_e6c7b265130c70a7\COMCTL32.dll
0x00007ff8bd950000 - 0x00007ff8bdc86000 	C:\WINDOWS\System32\combase.dll
0x00007ff8bc0c0000 - 0x00007ff8bc140000 	C:\WINDOWS\System32\bcryptPrimitives.dll
0x00007ff8b3180000 - 0x00007ff8b318a000 	C:\WINDOWS\SYSTEM32\VERSION.dll
0x00007ff8bd920000 - 0x00007ff8bd94e000 	C:\WINDOWS\System32\IMM32.DLL
0x00007ff88a5c0000 - 0x00007ff88a66a000 	E:\Java\jdk-12.0.1\bin\msvcp140.dll
0x00007ff85e3e0000 - 0x00007ff85ef54000 	E:\Java\jdk-12.0.1\bin\server\jvm.dll
0x00007ff8bcc80000 - 0x00007ff8bcc88000 	C:\WINDOWS\System32\PSAPI.DLL
0x00007ff8abb50000 - 0x00007ff8abb59000 	C:\WINDOWS\SYSTEM32\WSOCK32.dll
0x00007ff8bea60000 - 0x00007ff8beacf000 	C:\WINDOWS\System32\WS2_32.dll
0x00007ff8b8330000 - 0x00007ff8b8354000 	C:\WINDOWS\SYSTEM32\WINMM.dll
0x00007ff8b8300000 - 0x00007ff8b832d000 	C:\WINDOWS\SYSTEM32\WINMMBASE.dll
0x00007ff8bbb50000 - 0x00007ff8bbb9a000 	C:\WINDOWS\System32\cfgmgr32.dll
0x00007ff8bbaa0000 - 0x00007ff8bbab1000 	C:\WINDOWS\System32\kernel.appcore.dll
0x00007ff893430000 - 0x00007ff893441000 	E:\Java\jdk-12.0.1\bin\verify.dll
0x00007ff8ba260000 - 0x00007ff8ba454000 	C:\WINDOWS\SYSTEM32\DBGHELP.DLL
0x00007ff8ae6d0000 - 0x00007ff8ae6fa000 	C:\WINDOWS\SYSTEM32\dbgcore.DLL
0x00007ff892c20000 - 0x00007ff892c46000 	E:\Java\jdk-12.0.1\bin\java.dll
0x00007ff8b1840000 - 0x00007ff8b184e000 	E:\Java\jdk-12.0.1\bin\instrument.dll
0x00007ff893410000 - 0x00007ff893427000 	E:\Java\jdk-12.0.1\bin\zip.dll
0x00007ff8a5cc0000 - 0x00007ff8a5cca000 	E:\Java\jdk-12.0.1\bin\jimage.dll
0x00007ff8be0d0000 - 0x00007ff8be7b5000 	C:\WINDOWS\System32\SHELL32.dll
0x00007ff8bead0000 - 0x00007ff8beb79000 	C:\WINDOWS\System32\shcore.dll
0x00007ff8bc140000 - 0x00007ff8bc8be000 	C:\WINDOWS\System32\windows.storage.dll
0x00007ff8bbac0000 - 0x00007ff8bbadf000 	C:\WINDOWS\System32\profapi.dll
0x00007ff8bbb00000 - 0x00007ff8bbb4a000 	C:\WINDOWS\System32\powrprof.dll
0x00007ff8bba90000 - 0x00007ff8bbaa0000 	C:\WINDOWS\System32\UMPDC.dll
0x00007ff8be7c0000 - 0x00007ff8be812000 	C:\WINDOWS\System32\shlwapi.dll
0x00007ff8bbba0000 - 0x00007ff8bbbb7000 	C:\WINDOWS\System32\cryptsp.dll

dbghelp: loaded successfully - version: 4.0.5 - missing functions: none
symbol engine: initialized successfully - sym options: 0x614 - pdb path: .;E:\Java\jdk-12.0.1\bin;C:\WINDOWS\SYSTEM32;C:\WINDOWS\WinSxS\amd64_microsoft.windows.common-controls_6595b64144ccf1df_6.0.18362.449_none_e6c7b265130c70a7;E:\Java\jdk-12.0.1\bin\server

VM Arguments:
jvm_args: -XX:TieredStopAtLevel=1 -Xverify:none -Dspring.output.ansi.enabled=always -Dcom.sun.management.jmxremote -Dspring.jmx.enabled=true -Dspring.liveBeansView.mbeanDomain -Dspring.application.admin.enabled=true -javaagent:E:\Program Files\JetBrains\IntelliJ IDEA 2019.2.3\lib\idea_rt.jar=62447:E:\Program Files\JetBrains\IntelliJ IDEA 2019.2.3\bin -Dfile.encoding=UTF-8 
java_command: com.teamdevelop.firstprototype.FirstprototypeApplication
java_class_path (initial): D:\ProjectStroage\firstprototypeBackEnd\target\classes;D:\Software_rely\apache-maven-3.6.2\maven_jar\org\springframework\boot\spring-boot-starter-web\2.2.0.RELEASE\spring-boot-starter-web-2.2.0.RELEASE.jar;D:\Software_rely\apache-maven-3.6.2\maven_jar\org\springframework\boot\spring-boot-starter\2.2.0.RELEASE\spring-boot-starter-2.2.0.RELEASE.jar;D:\Software_rely\apache-maven-3.6.2\maven_jar\org\springframework\boot\spring-boot-starter-logging\2.2.0.RELEASE\spring-boot-starter-logging-2.2.0.RELEASE.jar;D:\Software_rely\apache-maven-3.6.2\maven_jar\ch\qos\logback\logback-classic\1.2.3\logback-classic-1.2.3.jar;D:\Software_rely\apache-maven-3.6.2\maven_jar\ch\qos\logback\logback-core\1.2.3\logback-core-1.2.3.jar;D:\Software_rely\apache-maven-3.6.2\maven_jar\org\apache\logging\log4j\log4j-to-slf4j\2.12.1\log4j-to-slf4j-2.12.1.jar;D:\Software_rely\apache-maven-3.6.2\maven_jar\org\apache\logging\log4j\log4j-api\2.12.1\log4j-api-2.12.1.jar;D:\Software_rely\apache-maven-3.6.2\maven_jar\org\slf4j\jul-to-slf4j\1.7.28\jul-to-slf4j-1.7.28.jar;D:\Software_rely\apache-maven-3.6.2\maven_jar\jakarta\annotation\jakarta.annotation-api\1.3.5\jakarta.annotation-api-1.3.5.jar;D:\Software_rely\apache-maven-3.6.2\maven_jar\org\yaml\snakeyaml\1.25\snakeyaml-1.25.jar;D:\Software_rely\apache-maven-3.6.2\maven_jar\org\springframework\boot\spring-boot-starter-json\2.2.0.RELEASE\spring-boot-starter-json-2.2.0.RELEASE.jar;D:\Software_rely\apache-maven-3.6.2\maven_jar\com\fasterxml\jackson\core\jackson-databind\2.10.0\jackson-databind-2.10.0.jar;D:\Software_rely\apache-maven-3.6.2\maven_jar\com\fasterxml\jackson\core\jackson-annotations\2.10.0\jackson-annotations-2.10.0.jar;D:\Software_rely\apache-maven-3.6.2\maven_jar\com\fasterxml\jackson\core\jackson-core\2.10.0\jackson-core-2.10.0.jar;D:\Software_rely\apache-maven-3.6.2\maven_jar\com\fasterxml\jackson\datatype\jackson-datatype-jdk8\2.10.0\jackson-datatype-jdk8-2.10.0.jar;D:\Software_rely\apache-maven-3.6.2\maven_
Launcher Type: SUN_STANDARD

[Global flags]
     bool BytecodeVerificationLocal                = false                                     {product} {command line}
     bool BytecodeVerificationRemote               = false                                     {product} {command line}
     intx CICompilerCount                          = 3                                         {product} {ergonomic}
     uint ConcGCThreads                            = 1                                         {product} {ergonomic}
     uint G1ConcRefinementThreads                  = 4                                         {product} {ergonomic}
   size_t G1HeapRegionSize                         = 1048576                                   {product} {ergonomic}
    uintx GCDrainStackTargetSize                   = 64                                        {product} {ergonomic}
   size_t InitialHeapSize                          = 130023424                                 {product} {ergonomic}
     bool ManagementServer                         = true                                      {product} {command line}
   size_t MarkStackSize                            = 4194304                                   {product} {ergonomic}
   size_t MaxHeapSize                              = 2071986176                                {product} {ergonomic}
   size_t MaxNewSize                               = 1242562560                                {product} {ergonomic}
   size_t MinHeapDeltaBytes                        = 1048576                                   {product} {ergonomic}
    uintx NonNMethodCodeHeapSize                   = 6973028                                {pd product} {ergonomic}
    uintx NonProfiledCodeHeapSize                  = 244685212                              {pd product} {ergonomic}
    uintx ProfiledCodeHeapSize                     = 0                                      {pd product} {ergonomic}
    uintx ReservedCodeCacheSize                    = 251658240                              {pd product} {ergonomic}
     bool SegmentedCodeCache                       = true                                      {product} {ergonomic}
     intx TieredStopAtLevel                        = 1                                         {product} {command line}
     bool UseCompressedClassPointers               = true                                 {lp64_product} {ergonomic}
     bool UseCompressedOops                        = true                                 {lp64_product} {ergonomic}
     bool UseG1GC                                  = true                                      {product} {ergonomic}
     bool UseLargePagesIndividualAllocation        = false                                  {pd product} {ergonomic}

Logging:
Log output configuration:
 #0: stdout all=warning uptime,level,tags
 #1: stderr all=off uptime,level,tags

Environment Variables:
JAVA_HOME=E:\Java\jdk-12.0.1
PATH=E:\Python27\;E:\Python27\Scripts;D:\ana;D:\ana\Library\mingw-w64\bin;D:\ana\Library\usr\bin;D:\ana\Library\bin;D:\ana\Scripts;C:\Program Files (x86)\Intel\iCLS Client\;C:\Program Files\Intel\iCLS Client\;C:\Windows\system32;C:\Windows;C:\Windows\System32\Wbem;C:\Windows\System32\WindowsPowerShell\v1.0\;C:\Program Files (x86)\Intel\Intel(R) Management Engine Components\DAL;C:\Program Files\Intel\Intel(R) Management Engine Components\DAL;C:\Program Files (x86)\Intel\Intel(R) Management Engine Components\IPT;C:\Program Files\Intel\Intel(R) Management Engine Components\IPT;C:\Program Files (x86)\NVIDIA Corporation\PhysX\Common;C:\WINDOWS\system32;C:\WINDOWS;C:\WINDOWS\System32\Wbem;C:\WINDOWS\System32\WindowsPowerShell\v1.0\;C:\WINDOWS\System32\OpenSSH\;C:\MinGW\bin\;D:\LLVM\bin;E:\Cadence\SPB_16.6\tools\pcb\bin;E:\Cadence\SPB_16.6\tools\bin;E:\Cadence\SPB_16.6\tools\libutil\bin;E:\Cadence\SPB_16.6\tools\fet\bin;E:\Cadence\SPB_16.6\tools\specctra\bin;E:\Cadence\SPB_16.6\tools\pspice;E:\Cadence\SPB_16.6\tools\capture;E:\Cadence\SPB_16.6\openaccess\bin\win32\opt;E:\MATLAB\R2018b\runtime\win64;E:\MATLAB\R2018b\bin;C:\Program Files\NVIDIA Corporation\NVIDIA NvDLISR;E:\texlive\2019\bin\win32;C:\ProgramData\chocolatey\bin;C:\WINDOWS\system32;C:\WINDOWS;C:\WINDOWS\System32\Wbem;C:\WINDOWS\System32\WindowsPowerShell\v1.0\;C:\WINDOWS\System32\OpenSSH\;E:\Program Files\nodejs\;D:\Software_rely\apache-maven-3.6.2\bin;D:\Software_rely\apache-maven-3.6.2\bin;E:\Java\jdk-12.0.1\bin;E:\Program Files\Git\cmd;D:\Software_rely\gradle-5.6.3\bin;D:\Anaconda;D:\Anaconda\Library\mingw-w64\bin;D:\Anaconda\Library\usr\bin;D:\Anaconda\Library\bin;D:\Anaconda\Scripts;C:\Users\lenovo\AppData\Local\Microsoft\WindowsApps;E:\Microsoft VS Code\bin;E:\texlive\2019\bin\win32;E:\SumatraPDF;;C:\Program Files\JetBrains\PyCharm 2019.2.1\bin;;C:\Users\lenovo\AppData\Local\Microsoft\WindowsApps;C:\Users\lenovo\AppData\Roaming\npm;E:\Program Files\JetBrains\IntelliJ IDEA 2019.2.3\bin;;E:\JetBrains\DataGrip 
USERNAME=lenovo
OS=Windows_NT
PROCESSOR_IDENTIFIER=Intel64 Family 6 Model 158 Stepping 9, GenuineIntel



---------------  S Y S T E M  ---------------

OS: Windows 10 , 64 bit Build 18362 (10.0.18362.329)

CPU:total 4 (initial active 4) (4 cores per cpu, 1 threads per core) family 6 model 158 stepping 9, cmov, cx8, fxsr, mmx, sse, sse2, sse3, ssse3, sse4.1, sse4.2, popcnt, avx, avx2, aes, clmul, erms, 3dnowpref, lzcnt, tsc, tscinvbit, bmi1, bmi2, adx, fma

Memory: 4k page, system-wide physical 7898M (596M free)
TotalPageFile size 15490M (AvailPageFile size 202M)
current process WorkingSet (physical memory assigned to process): 24M, peak: 24M
current process commit charge ("private bytes"): 190M, peak: 190M

vm_info: Java HotSpot(TM) 64-Bit Server VM (12.0.1+12) for windows-amd64 JRE (12.0.1+12), built on Apr  2 2019 14:02:19 by "mach5one" with MS VC++ 15.5 (VS2017)

END.
